#-----------------------------------------------------------
# Vivado v2022.2 (64-bit)
# SW Build 3671981 on Fri Oct 14 04:59:54 MDT 2022
# IP Build 3669848 on Fri Oct 14 08:30:02 MDT 2022
# Start of session at: Wed Jan 29 19:27:12 2025
# Process ID: 14399
# Current directory: /home/madhusudhan/Downloads/DPUCZDX8G_VAI_v3.0/prj/Vivado/hw
# Command line: vivado -source scripts/trd_prj.tcl
# Log file: /home/madhusudhan/Downloads/DPUCZDX8G_VAI_v3.0/prj/Vivado/hw/vivado.log
# Journal file: /home/madhusudhan/Downloads/DPUCZDX8G_VAI_v3.0/prj/Vivado/hw/vivado.jou
# Running On: madhusudhan-OMEN-by-HP-Gaming-Laptop-16-k0xxx, OS: Linux, CPU Frequency: 831.810 MHz, CPU Physical cores: 14, Host memory: 16418 MB
#-----------------------------------------------------------
start_gui
source scripts/trd_prj.tcl
# set dict_prj  {}
# dict set dict_prj dict_sys prj_name                  {KR260}
# dict set dict_prj dict_sys prj_part                  {xcK26-sfvc784-2LC-c}
# dict set dict_prj dict_sys prj_board                 {KR260}
# dict set dict_prj dict_sys bd_name                   top
# dict set dict_prj dict_sys bd_ooc                    None
# dict set dict_prj dict_param  DPU_CLK_MHz            {275}
# dict set dict_prj dict_param  REG_CLK_MHz            {100}
# dict set dict_prj dict_param  DPU_NUM                {3}
# dict set dict_prj dict_param  DPU_ARCH               {4096}
# dict set dict_prj dict_param  DPU_RAM_USAGE          {low}
# dict set dict_prj dict_param  DPU_CHN_AUG_ENA        {1}
# dict set dict_prj dict_param  DPU_SAVE_ARGMAX_ENA    {1}
# dict set dict_prj dict_param  DPU_CONV_RELU_TYPE     {3}
# dict set dict_prj dict_param  DPU_ALU_PARALLEL_USER  {4}
# dict set dict_prj dict_param  DPU_ALU_LEAKYRELU      {0}
# dict set dict_prj dict_param  DPU_SFM_NUM            {1}
# dict set dict_prj dict_param  DPU_SAXICLK_INDPD      {1}
# dict set dict_prj dict_param  DPU_CLK_GATING_ENA     {1}
# dict set dict_prj dict_param  DPU_DSP48_MAX_CASC_LEN {4}
# dict set dict_prj dict_param  DPU_DSP48_USAGE        {high}
# dict set dict_prj dict_param  DPU_URAM_PER_DPU       {0}
# dict set dict_prj dict_sys work_dir                  [file dirname [file normalize [info script]]]
# dict set dict_prj dict_sys tcl_base_dir              [dict get $dict_prj dict_sys work_dir]/base
# source -notrace                                      [dict get $dict_prj dict_sys tcl_base_dir]/trd_bd.tcl
WARNING: [Coretcl 2-179] No part matched the expression you provided ("xcK26-sfvc784-2LC-c").
ERROR: [Common 17-55] 'get_property' expects at least one object.
Resolution: If [get_<value>] was used to populate the object, check to make sure this command returns at least one valid object.

    while executing
"source -notrace                                      [dict get $dict_prj dict_sys tcl_base_dir]/trd_bd.tcl"
    (file "scripts/trd_prj.tcl" line 65)
WARNING: [Board 49-26] cannot add Board Part xilinx.com:kc705:part0:1.6 available at /tools/Xilinx/Vivado/2022.2/data/xhub/boards/XilinxBoardStore/boards/Xilinx/kc705/1.6/board.xml as part xc7k325tffg900-2 specified in board_part file is either invalid or not available
WARNING: [Board 49-26] cannot add Board Part xilinx.com:kcu105:part0:1.6 available at /tools/Xilinx/Vivado/2022.2/data/xhub/boards/XilinxBoardStore/boards/Xilinx/kcu105/1.6/board.xml as part xcku040-ffva1156-2-e specified in board_part file is either invalid or not available
WARNING: [Board 49-26] cannot add Board Part xilinx.com:kcu105:part0:1.7 available at /tools/Xilinx/Vivado/2022.2/data/xhub/boards/XilinxBoardStore/boards/Xilinx/kcu105/1.7/board.xml as part xcku040-ffva1156-2-e specified in board_part file is either invalid or not available
WARNING: [Board 49-26] cannot add Board Part xilinx.com:kcu1500:part0:1.2 available at /tools/Xilinx/Vivado/2022.2/data/xhub/boards/XilinxBoardStore/boards/Xilinx/kcu1500/1.2/board.xml as part xcku115-flvb2104-2-e specified in board_part file is either invalid or not available
WARNING: [Board 49-26] cannot add Board Part xilinx.com:vc707:part0:1.4 available at /tools/Xilinx/Vivado/2022.2/data/xhub/boards/XilinxBoardStore/boards/Xilinx/vc707/1.4/board.xml as part xc7vx485tffg1761-2 specified in board_part file is either invalid or not available
WARNING: [Board 49-26] cannot add Board Part xilinx.com:vc709:part0:1.8 available at /tools/Xilinx/Vivado/2022.2/data/xhub/boards/XilinxBoardStore/boards/Xilinx/vc709/1.8/board.xml as part xc7vx690tffg1761-2 specified in board_part file is either invalid or not available
WARNING: [Board 49-26] cannot add Board Part xilinx.com:vck190:part0:2.2 available at /tools/Xilinx/Vivado/2022.2/data/xhub/boards/XilinxBoardStore/boards/Xilinx/vck190/production/2.2/board.xml as part xcvc1902-vsva2197-2mp-e-s specified in board_part file is either invalid or not available
WARNING: [Board 49-26] cannot add Board Part xilinx.com:vck190:part0:3.0 available at /tools/Xilinx/Vivado/2022.2/data/xhub/boards/XilinxBoardStore/boards/Xilinx/vck190/production/3.0/board.xml as part xcvc1902-vsva2197-2mp-e-s specified in board_part file is either invalid or not available
WARNING: [Board 49-26] cannot add Board Part xilinx.com:vck190:part0:3.1 available at /tools/Xilinx/Vivado/2022.2/data/xhub/boards/XilinxBoardStore/boards/Xilinx/vck190/production/3.1/board.xml as part xcvc1902-vsva2197-2mp-e-s specified in board_part file is either invalid or not available
WARNING: [Board 49-26] cannot add Board Part xilinx.com:vck190_newl:part0:1.0 available at /tools/Xilinx/Vivado/2022.2/data/xhub/boards/XilinxBoardStore/boards/Xilinx/vck190_newl/production/1.0/board.xml as part xcvc1902-vsva2197-2mp-e-s specified in board_part file is either invalid or not available
WARNING: [Board 49-26] cannot add Board Part xilinx.com:vcu108:part0:1.6 available at /tools/Xilinx/Vivado/2022.2/data/xhub/boards/XilinxBoardStore/boards/Xilinx/vcu108/1.6/board.xml as part xcvu095-ffva2104-2-e specified in board_part file is either invalid or not available
WARNING: [Board 49-26] cannot add Board Part xilinx.com:vcu108:part0:1.7 available at /tools/Xilinx/Vivado/2022.2/data/xhub/boards/XilinxBoardStore/boards/Xilinx/vcu108/1.7/board.xml as part xcvu095-ffva2104-2-e specified in board_part file is either invalid or not available
WARNING: [Board 49-26] cannot add Board Part xilinx.com:vcu110:part0:1.4 available at /tools/Xilinx/Vivado/2022.2/data/xhub/boards/XilinxBoardStore/boards/Xilinx/vcu110/1.4/board.xml as part xcvu190-flgc2104-2-e specified in board_part file is either invalid or not available
WARNING: [Board 49-26] cannot add Board Part xilinx.com:vcu118:part0:2.0 available at /tools/Xilinx/Vivado/2022.2/data/xhub/boards/XilinxBoardStore/boards/Xilinx/vcu118/2.0/board.xml as part xcvu9p-flga2104-2l-e specified in board_part file is either invalid or not available
WARNING: [Board 49-26] cannot add Board Part xilinx.com:vcu118:part0:2.3 available at /tools/Xilinx/Vivado/2022.2/data/xhub/boards/XilinxBoardStore/boards/Xilinx/vcu118/2.3/board.xml as part xcvu9p-flga2104-2l-e specified in board_part file is either invalid or not available
WARNING: [Board 49-26] cannot add Board Part xilinx.com:vcu118:part0:2.4 available at /tools/Xilinx/Vivado/2022.2/data/xhub/boards/XilinxBoardStore/boards/Xilinx/vcu118/2.4/board.xml as part xcvu9p-flga2104-2l-e specified in board_part file is either invalid or not available
WARNING: [Board 49-26] cannot add Board Part xilinx.com:vcu128:part0:1.0 available at /tools/Xilinx/Vivado/2022.2/data/xhub/boards/XilinxBoardStore/boards/Xilinx/vcu128/production/1.0/board.xml as part xcvu37p-fsvh2892-2l-e specified in board_part file is either invalid or not available
WARNING: [Board 49-26] cannot add Board Part xilinx.com:vcu129:part0:1.0 available at /tools/Xilinx/Vivado/2022.2/data/xhub/boards/XilinxBoardStore/boards/Xilinx/vcu129/production/1.0/board.xml as part xcvu29p-fsga2577-2l-e specified in board_part file is either invalid or not available
WARNING: [Board 49-26] cannot add Board Part xilinx.com:vcu1525:part0:1.3 available at /tools/Xilinx/Vivado/2022.2/data/xhub/boards/XilinxBoardStore/boards/Xilinx/vcu1525/1.3/board.xml as part xcvu9p-fsgd2104-2l-e specified in board_part file is either invalid or not available
WARNING: [Board 49-26] cannot add Board Part xilinx.com:vek280_es:part0:1.0 available at /tools/Xilinx/Vivado/2022.2/data/xhub/boards/XilinxBoardStore/boards/Xilinx/vek280/es/1.0/board.xml as part xcve2802-vsvh1760-2lp-e-s-es1 specified in board_part file is either invalid or not available
WARNING: [Board 49-26] cannot add Board Part xilinx.com:vermeo_t1_mpsoc:part0:1.0 available at /tools/Xilinx/Vivado/2022.2/data/xhub/boards/XilinxBoardStore/boards/Xilinx/vermeo_t1_mpsoc/1.0/board.xml as part xczu19eg-ffvd1760-2l-e specified in board_part file is either invalid or not available
WARNING: [Board 49-26] cannot add Board Part xilinx.com:vermeo_t1_rfsoc:part0:1.0 available at /tools/Xilinx/Vivado/2022.2/data/xhub/boards/XilinxBoardStore/boards/Xilinx/vermeo_t1_rfsoc/1.0/board.xml as part xczu21dr-ffvd1156-2l-e specified in board_part file is either invalid or not available
WARNING: [Board 49-26] cannot add Board Part xilinx.com:vhk158_es:part0:1.0 available at /tools/Xilinx/Vivado/2022.2/data/xhub/boards/XilinxBoardStore/boards/Xilinx/vhk158/es/1.0/board.xml as part xcvh1582-vsva3697-2mp-e-s-es1 specified in board_part file is either invalid or not available
WARNING: [Board 49-26] cannot add Board Part xilinx.com:vmk180:part0:2.2 available at /tools/Xilinx/Vivado/2022.2/data/xhub/boards/XilinxBoardStore/boards/Xilinx/vmk180/production/2.2/board.xml as part xcvm1802-vsva2197-2mp-e-s specified in board_part file is either invalid or not available
WARNING: [Board 49-26] cannot add Board Part xilinx.com:vmk180:part0:3.0 available at /tools/Xilinx/Vivado/2022.2/data/xhub/boards/XilinxBoardStore/boards/Xilinx/vmk180/production/3.0/board.xml as part xcvm1802-vsva2197-2mp-e-s specified in board_part file is either invalid or not available
WARNING: [Board 49-26] cannot add Board Part xilinx.com:vmk180:part0:3.1 available at /tools/Xilinx/Vivado/2022.2/data/xhub/boards/XilinxBoardStore/boards/Xilinx/vmk180/production/3.1/board.xml as part xcvm1802-vsva2197-2mp-e-s specified in board_part file is either invalid or not available
WARNING: [Board 49-26] cannot add Board Part xilinx.com:vmk180_newl:part0:1.0 available at /tools/Xilinx/Vivado/2022.2/data/xhub/boards/XilinxBoardStore/boards/Xilinx/vmk180_newl/production/1.0/board.xml as part xcvm1802-vsva2197-2mp-e-s specified in board_part file is either invalid or not available
WARNING: [Board 49-26] cannot add Board Part xilinx.com:vpk120:part0:1.0 available at /tools/Xilinx/Vivado/2022.2/data/xhub/boards/XilinxBoardStore/boards/Xilinx/vpk120/production/1.0/board.xml as part xcvp1202-vsva2785-2mp-e-s specified in board_part file is either invalid or not available
WARNING: [Board 49-26] cannot add Board Part xilinx.com:vpk120_es:part0:1.2 available at /tools/Xilinx/Vivado/2022.2/data/xhub/boards/XilinxBoardStore/boards/Xilinx/vpk120/es/1.2/board.xml as part xcvp1202-vsva2785-2mp-e-s-es1 specified in board_part file is either invalid or not available
WARNING: [Board 49-26] cannot add Board Part xilinx.com:vpk120_es_revb:part0:1.0 available at /tools/Xilinx/Vivado/2022.2/data/xhub/boards/XilinxBoardStore/boards/Xilinx/vpk120_revb/es/1.0/board.xml as part xcvp1202-vsva2785-2mp-e-s-es1 specified in board_part file is either invalid or not available
WARNING: [Board 49-26] cannot add Board Part xilinx.com:vpk180_es:part0:1.0 available at /tools/Xilinx/Vivado/2022.2/data/xhub/boards/XilinxBoardStore/boards/Xilinx/vpk180/es/1.0/board.xml as part xcvp1802-lsvc4072-2mp-e-s-es1 specified in board_part file is either invalid or not available
WARNING: [Board 49-26] cannot add Board Part xilinx.com:zc706:part0:1.4 available at /tools/Xilinx/Vivado/2022.2/data/xhub/boards/XilinxBoardStore/boards/Xilinx/zc706/1.4/board.xml as part xc7z045ffg900-2 specified in board_part file is either invalid or not available
WARNING: [Board 49-26] cannot add Board Part xilinx.com:zcu102:part0:3.3 available at /tools/Xilinx/Vivado/2022.2/data/xhub/boards/XilinxBoardStore/boards/Xilinx/zcu102/3.3/board.xml as part xczu9eg-ffvb1156-2-e specified in board_part file is either invalid or not available
WARNING: [Board 49-26] cannot add Board Part xilinx.com:zcu102:part0:3.4 available at /tools/Xilinx/Vivado/2022.2/data/xhub/boards/XilinxBoardStore/boards/Xilinx/zcu102/3.4/board.xml as part xczu9eg-ffvb1156-2-e specified in board_part file is either invalid or not available
WARNING: [Board 49-26] cannot add Board Part xilinx.com:zcu111:part0:1.2 available at /tools/Xilinx/Vivado/2022.2/data/xhub/boards/XilinxBoardStore/boards/Xilinx/zcu111/1.2/board.xml as part xczu28dr-ffvg1517-2-e specified in board_part file is either invalid or not available
WARNING: [Board 49-26] cannot add Board Part xilinx.com:zcu111:part0:1.3 available at /tools/Xilinx/Vivado/2022.2/data/xhub/boards/XilinxBoardStore/boards/Xilinx/zcu111/1.3/board.xml as part xczu28dr-ffvg1517-2-e specified in board_part file is either invalid or not available
WARNING: [Board 49-26] cannot add Board Part xilinx.com:zcu111:part0:1.4 available at /tools/Xilinx/Vivado/2022.2/data/xhub/boards/XilinxBoardStore/boards/Xilinx/zcu111/1.4/board.xml as part xczu28dr-ffvg1517-2-e specified in board_part file is either invalid or not available
WARNING: [Board 49-26] cannot add Board Part xilinx.com:zcu1275:part0:1.0 available at /tools/Xilinx/Vivado/2022.2/data/xhub/boards/XilinxBoardStore/boards/Xilinx/zcu1275/1.0/board.xml as part xczu29dr-ffvf1760-2-e specified in board_part file is either invalid or not available
WARNING: [Board 49-26] cannot add Board Part xilinx.com:zcu1285:part0:1.0 available at /tools/Xilinx/Vivado/2022.2/data/xhub/boards/XilinxBoardStore/boards/Xilinx/zcu1285/1.0/board.xml as part xczu39dr-ffvf1760-2-i specified in board_part file is either invalid or not available
WARNING: [Board 49-26] cannot add Board Part xilinx.com:zcu208:part0:2.0 available at /tools/Xilinx/Vivado/2022.2/data/xhub/boards/XilinxBoardStore/boards/Xilinx/zcu208/production/2.0/board.xml as part xczu48dr-fsvg1517-2-e specified in board_part file is either invalid or not available
WARNING: [Board 49-26] cannot add Board Part xilinx.com:zcu208ld:part0:2.0 available at /tools/Xilinx/Vivado/2022.2/data/xhub/boards/XilinxBoardStore/boards/Xilinx/zcu208ld/production/2.0/board.xml as part xczu58dr-fsvg1517-2-i specified in board_part file is either invalid or not available
WARNING: [Board 49-26] cannot add Board Part xilinx.com:zcu216:part0:2.0 available at /tools/Xilinx/Vivado/2022.2/data/xhub/boards/XilinxBoardStore/boards/Xilinx/zcu216/production/2.0/board.xml as part xczu49dr-ffvf1760-2-e specified in board_part file is either invalid or not available
WARNING: [Board 49-26] cannot add Board Part xilinx.com:zcu216ld:part0:2.0 available at /tools/Xilinx/Vivado/2022.2/data/xhub/boards/XilinxBoardStore/boards/Xilinx/zcu216ld/production/2.0/board.xml as part xczu59dr-ffvf1760-2-i specified in board_part file is either invalid or not available
WARNING: [Board 49-26] cannot add Board Part xilinx.com:zcu670:part0:2.0 available at /tools/Xilinx/Vivado/2022.2/data/xhub/boards/XilinxBoardStore/boards/Xilinx/zcu670/2.0/board.xml as part xczu67dr-fsve1156-2-i specified in board_part file is either invalid or not available
WARNING: [Board 49-26] cannot add Board Part xilinx.com:zcu670ld:part0:1.0 available at /tools/Xilinx/Vivado/2022.2/data/xhub/boards/XilinxBoardStore/boards/Xilinx/zcu670ld/1.0/board.xml as part xczu57dr-fsve1156-2-i specified in board_part file is either invalid or not available
source /home/madhusudhan/Downloads/DPUCZDX8G_VAI_v3.0/prj/Vivado/hw/scripts/trd_prj.tcl
# set dict_prj  {}
# dict set dict_prj dict_sys prj_name                  {KR260}
# dict set dict_prj dict_sys prj_part                  {xcK26-sfvc784-2LC-c}
# dict set dict_prj dict_sys prj_board                 {KR260}
# dict set dict_prj dict_sys bd_name                   top
# dict set dict_prj dict_sys bd_ooc                    None
# dict set dict_prj dict_param  DPU_CLK_MHz            {275}
# dict set dict_prj dict_param  REG_CLK_MHz            {100}
# dict set dict_prj dict_param  DPU_NUM                {3}
# dict set dict_prj dict_param  DPU_ARCH               {4096}
# dict set dict_prj dict_param  DPU_RAM_USAGE          {low}
# dict set dict_prj dict_param  DPU_CHN_AUG_ENA        {1}
# dict set dict_prj dict_param  DPU_SAVE_ARGMAX_ENA    {1}
# dict set dict_prj dict_param  DPU_CONV_RELU_TYPE     {3}
# dict set dict_prj dict_param  DPU_ALU_PARALLEL_USER  {4}
# dict set dict_prj dict_param  DPU_ALU_LEAKYRELU      {0}
# dict set dict_prj dict_param  DPU_SFM_NUM            {1}
# dict set dict_prj dict_param  DPU_SAXICLK_INDPD      {1}
# dict set dict_prj dict_param  DPU_CLK_GATING_ENA     {1}
# dict set dict_prj dict_param  DPU_DSP48_MAX_CASC_LEN {4}
# dict set dict_prj dict_param  DPU_DSP48_USAGE        {high}
# dict set dict_prj dict_param  DPU_URAM_PER_DPU       {0}
# dict set dict_prj dict_sys work_dir                  [file dirname [file normalize [info script]]]
# dict set dict_prj dict_sys tcl_base_dir              [dict get $dict_prj dict_sys work_dir]/base
# puts "dict_prj contents: $dict_prj"
dict_prj contents: dict_sys {prj_name KR260 prj_part xcK26-sfvc784-2LC-c prj_board KR260 bd_name top bd_ooc None work_dir /home/madhusudhan/Downloads/DPUCZDX8G_VAI_v3.0/prj/Vivado/hw/scripts tcl_base_dir /home/madhusudhan/Downloads/DPUCZDX8G_VAI_v3.0/prj/Vivado/hw/scripts/base} dict_param {DPU_CLK_MHz 275 REG_CLK_MHz 100 DPU_NUM 3 DPU_ARCH 4096 DPU_RAM_USAGE low DPU_CHN_AUG_ENA 1 DPU_SAVE_ARGMAX_ENA 1 DPU_CONV_RELU_TYPE 3 DPU_ALU_PARALLEL_USER 4 DPU_ALU_LEAKYRELU 0 DPU_SFM_NUM 1 DPU_SAXICLK_INDPD 1 DPU_CLK_GATING_ENA 1 DPU_DSP48_MAX_CASC_LEN 4 DPU_DSP48_USAGE high DPU_URAM_PER_DPU 0}
# if {![dict exists $dict_prj dict_sys tcl_base_dir]} {
#     puts "ERROR: dict_sys or tcl_base_dir is missing in dict_prj"
#     exit
# }
# source -notrace                                      [dict get $dict_prj dict_sys tcl_base_dir]/trd_bd.tcl
WARNING: [Coretcl 2-179] No part matched the expression you provided ("xcK26-sfvc784-2LC-c").
ERROR: [Common 17-55] 'get_property' expects at least one object.
Resolution: If [get_<value>] was used to populate the object, check to make sure this command returns at least one valid object.

    while executing
"source -notrace                                      [dict get $dict_prj dict_sys tcl_base_dir]/trd_bd.tcl"
    (file "/home/madhusudhan/Downloads/DPUCZDX8G_VAI_v3.0/prj/Vivado/hw/scripts/trd_prj.tcl" line 72)
exit
INFO: [Common 17-206] Exiting Vivado at Wed Jan 29 20:00:37 2025...
